<?xml version="1.0" encoding="UTF-8"?>
<!-- Generated by org.testng.reporters.JUnitXMLReporter -->
<testsuite ignored="4" hostname="DESKTOP-R53ADIM" failures="0" tests="2" name="Test" time="26.571" errors="0" timestamp="2023-09-25T12:50:39 BDT">
  <testcase classname="com.PARA.login.LoginTest" name="login" time="7.391"/>
  <testcase classname="com.PARA.testcasesUpadateContact.UpdateContact" name="goContactPage" time="19.15"/>
  <testcase classname="com.PARA.base.TestBase" name="@BeforeSuite setUP" time="0.0">
    <ignored/>
  </testcase> <!-- @BeforeSuite setUP -->
  <testcase classname="com.PARA.base.TestBase" name="@AfterSuite tearDown" time="0.0">
    <ignored/>
  </testcase> <!-- @AfterSuite tearDown -->
  <testcase classname="com.PARA.base.TestBase" name="@BeforeSuite setUP" time="0.0">
    <ignored/>
  </testcase> <!-- @BeforeSuite setUP -->
  <testcase classname="com.PARA.base.TestBase" name="@AfterSuite tearDown" time="0.0">
    <ignored/>
  </testcase> <!-- @AfterSuite tearDown -->
</testsuite> <!-- Test -->
