<?xml version="1.0" encoding="UTF-8"?>
<!-- Generated by org.testng.reporters.JUnitXMLReporter -->
<testsuite ignored="4" hostname="DESKTOP-R53ADIM" failures="0" tests="2" name="Test" time="30.283" errors="0" timestamp="2023-09-25T23:12:56 BDT">
  <testcase classname="com.PARA.login.LoginTest" name="login" time="11.385"/>
  <testcase classname="com.PARA.testcasesUpadateContact.UpdateContact" name="goContactPage" time="18.849"/>
  <testcase classname="com.PARA.base.TestBase" name="@BeforeSuite setUP" time="0.0">
    <ignored/>
  </testcase> <!-- @BeforeSuite setUP -->
  <testcase classname="com.PARA.base.TestBase" name="@BeforeSuite setUP" time="0.0">
    <ignored/>
  </testcase> <!-- @BeforeSuite setUP -->
  <testcase classname="com.PARA.base.TestBase" name="@AfterSuite tearDown" time="0.0">
    <ignored/>
  </testcase> <!-- @AfterSuite tearDown -->
  <testcase classname="com.PARA.base.TestBase" name="@AfterSuite tearDown" time="0.0">
    <ignored/>
  </testcase> <!-- @AfterSuite tearDown -->
</testsuite> <!-- Test -->
