<?xml version="1.0" encoding="UTF-8"?>
<testng-results ignored="4" total="6" passed="2" failed="0" skipped="0">
  <reporter-output>
  </reporter-output>
  <suite started-at="2023-09-25T12:50:13 BDT" name="Suite" finished-at="2023-09-25T12:50:39 BDT" duration-ms="26571">
    <groups>
    </groups>
    <test started-at="2023-09-25T12:50:13 BDT" name="Test" finished-at="2023-09-25T12:50:39 BDT" duration-ms="26571">
      <class name="com.PARA.testcasesUpadateContact.UpdateContact">
        <test-method signature="goContactPage()[pri:2, instance:com.PARA.testcasesUpadateContact.UpdateContact@61862a7f]" started-at="2023-09-25T12:50:20 BDT" name="goContactPage" finished-at="2023-09-25T12:50:39 BDT" duration-ms="19150" status="PASS">
          <reporter-output>
          </reporter-output>
        </test-method> <!-- goContactPage -->
      </class> <!-- com.PARA.testcasesUpadateContact.UpdateContact -->
      <class name="com.PARA.login.LoginTest">
        <test-method signature="login()[pri:1, instance:com.PARA.login.LoginTest@384ad17b]" started-at="2023-09-25T12:50:13 BDT" name="login" finished-at="2023-09-25T12:50:20 BDT" duration-ms="7391" status="PASS">
          <reporter-output>
          </reporter-output>
        </test-method> <!-- login -->
      </class> <!-- com.PARA.login.LoginTest -->
      <class name="com.PARA.base.TestBase">
        <test-method is-config="true" signature="setUP()[pri:0, instance:com.PARA.base.TestBase@7714e963]" started-at="2023-09-25T12:50:06 BDT" name="setUP" finished-at="2023-09-25T12:50:13 BDT" duration-ms="7007" status="PASS">
          <reporter-output>
          </reporter-output>
        </test-method> <!-- setUP -->
        <test-method is-config="true" signature="tearDown()[pri:0, instance:com.PARA.base.TestBase@7714e963]" started-at="2023-09-25T12:50:39 BDT" name="tearDown" finished-at="2023-09-25T12:50:40 BDT" duration-ms="166" status="PASS">
          <reporter-output>
          </reporter-output>
        </test-method> <!-- tearDown -->
      </class> <!-- com.PARA.base.TestBase -->
    </test> <!-- Test -->
  </suite> <!-- Suite -->
</testng-results>
